# JRE version: Java(TM) SE Runtime Environment (8.0_111-b14) (build 1.8.0_111-b14)
# Java VM: Java HotSpot(TM) 64-Bit Server VM (25.111-b14 mixed mode windows-amd64 compressed oops)
Heap:
 PSYoungGen      total 108544K, used 23900K [0x00000000eb000000, 0x00000000f3f00000, 0x0000000100000000)
  eden space 77824K, 6% used [0x00000000eb000000,0x00000000eb4c0658,0x00000000efc00000)
  from space 30720K, 61% used [0x00000000efc00000,0x00000000f0e96a10,0x00000000f1a00000)
  to   space 31232K, 0% used [0x00000000f2080000,0x00000000f2080000,0x00000000f3f00000)
 ParOldGen       total 82432K, used 18596K [0x00000000c1000000, 0x00000000c6080000, 0x00000000eb000000)
  object space 82432K, 22% used [0x00000000c1000000,0x00000000c22292d0,0x00000000c6080000)
 Metaspace       used 12794K, capacity 12988K, committed 13184K, reserved 1060864K
  class space    used 1571K, capacity 1636K, committed 1664K, reserved 1048576K
GC Heap History (10 events):
Event: 36.634 GC heap before
{Heap before GC invocations=18 (full 3):
 PSYoungGen      total 87040K, used 83250K [0x00000000eb000000, 0x00000000f2900000, 0x0000000100000000)
  eden space 64000K, 96% used [0x00000000eb000000,0x00000000eec0c8f8,0x00000000eee80000)
  from space 23040K, 94% used [0x00000000f0880000,0x00000000f1dc0070,0x00000000f1f00000)
  to   space 26624K, 0% used [0x00000000eee80000,0x00000000eee80000,0x00000000f0880000)
 ParOldGen       total 82432K, used 18556K [0x00000000c1000000, 0x00000000c6080000, 0x00000000eb000000)
  object space 82432K, 22% used [0x00000000c1000000,0x00000000c221f2d0,0x00000000c6080000)
 Metaspace       used 12561K, capacity 12796K, committed 12928K, reserved 1060864K
  class space    used 1552K, capacity 1636K, committed 1664K, reserved 1048576K
Event: 36.638 GC heap after
Heap after GC invocations=18 (full 3):
 PSYoungGen      total 90624K, used 16360K [0x00000000eb000000, 0x00000000f2c80000, 0x0000000100000000)
  eden space 64000K, 0% used [0x00000000eb000000,0x00000000eb000000,0x00000000eee80000)
  from space 26624K, 61% used [0x00000000eee80000,0x00000000efe7a050,0x00000000f0880000)
  to   space 27136K, 0% used [0x00000000f1200000,0x00000000f1200000,0x00000000f2c80000)
 ParOldGen       total 82432K, used 18564K [0x00000000c1000000, 0x00000000c6080000, 0x00000000eb000000)
  object space 82432K, 22% used [0x00000000c1000000,0x00000000c22212d0,0x00000000c6080000)
 Metaspace       used 12561K, capacity 12796K, committed 12928K, reserved 1060864K
  class space    used 1552K, capacity 1636K, committed 1664K, reserved 1048576K
}
Event: 38.417 GC heap before
{Heap before GC invocations=19 (full 3):
 PSYoungGen      total 90624K, used 79981K [0x00000000eb000000, 0x00000000f2c80000, 0x0000000100000000)
  eden space 64000K, 99% used [0x00000000eb000000,0x00000000eee21490,0x00000000eee80000)
  from space 26624K, 61% used [0x00000000eee80000,0x00000000efe7a050,0x00000000f0880000)
  to   space 27136K, 0% used [0x00000000f1200000,0x00000000f1200000,0x00000000f2c80000)
 ParOldGen       total 82432K, used 18564K [0x00000000c1000000, 0x00000000c6080000, 0x00000000eb000000)
  object space 82432K, 22% used [0x00000000c1000000,0x00000000c22212d0,0x00000000c6080000)
 Metaspace       used 12587K, capacity 12796K, committed 12928K, reserved 1060864K
  class space    used 1552K, capacity 1636K, committed 1664K, reserved 1048576K
Event: 38.434 GC heap after
Heap after GC invocations=19 (full 3):
 PSYoungGen      total 98304K, used 19719K [0x00000000eb000000, 0x00000000f3100000, 0x0000000100000000)
  eden space 71168K, 0% used [0x00000000eb000000,0x00000000eb000000,0x00000000ef580000)
  from space 27136K, 72% used [0x00000000f1200000,0x00000000f2541ff0,0x00000000f2c80000)
  to   space 29184K, 0% used [0x00000000ef580000,0x00000000ef580000,0x00000000f1200000)
 ParOldGen       total 82432K, used 18572K [0x00000000c1000000, 0x00000000c6080000, 0x00000000eb000000)
  object space 82432K, 22% used [0x00000000c1000000,0x00000000c22232d0,0x00000000c6080000)
 Metaspace       used 12587K, capacity 12796K, committed 12928K, reserved 1060864K
  class space    used 1552K, capacity 1636K, committed 1664K, reserved 1048576K
}
Event: 39.720 GC heap before
{Heap before GC invocations=20 (full 3):
 PSYoungGen      total 98304K, used 90287K [0x00000000eb000000, 0x00000000f3100000, 0x0000000100000000)
  eden space 71168K, 99% used [0x00000000eb000000,0x00000000ef4e9de8,0x00000000ef580000)
  from space 27136K, 72% used [0x00000000f1200000,0x00000000f2541ff0,0x00000000f2c80000)
  to   space 29184K, 0% used [0x00000000ef580000,0x00000000ef580000,0x00000000f1200000)
 ParOldGen       total 82432K, used 18572K [0x00000000c1000000, 0x00000000c6080000, 0x00000000eb000000)
  object space 82432K, 22% used [0x00000000c1000000,0x00000000c22232d0,0x00000000c6080000)
 Metaspace       used 12604K, capacity 12796K, committed 12928K, reserved 1060864K
  class space    used 1552K, capacity 1636K, committed 1664K, reserved 1048576K
Event: 39.727 GC heap after
Heap after GC invocations=20 (full 3):
 PSYoungGen      total 100352K, used 18877K [0x00000000eb000000, 0x00000000f3780000, 0x0000000100000000)
  eden space 71168K, 0% used [0x00000000eb000000,0x00000000eb000000,0x00000000ef580000)
  from space 29184K, 64% used [0x00000000ef580000,0x00000000f07ef6e0,0x00000000f1200000)
  to   space 30208K, 0% used [0x00000000f1a00000,0x00000000f1a00000,0x00000000f3780000)
 ParOldGen       total 82432K, used 18580K [0x00000000c1000000, 0x00000000c6080000, 0x00000000eb000000)
  object space 82432K, 22% used [0x00000000c1000000,0x00000000c22252d0,0x00000000c6080000)
 Metaspace       used 12604K, capacity 12796K, committed 12928K, reserved 1060864K
  class space    used 1552K, capacity 1636K, committed 1664K, reserved 1048576K
}
Event: 42.215 GC heap before
{Heap before GC invocations=21 (full 3):
 PSYoungGen      total 100352K, used 87952K [0x00000000eb000000, 0x00000000f3780000, 0x0000000100000000)
  eden space 71168K, 97% used [0x00000000eb000000,0x00000000ef3749e8,0x00000000ef580000)
  from space 29184K, 64% used [0x00000000ef580000,0x00000000f07ef6e0,0x00000000f1200000)
  to   space 30208K, 0% used [0x00000000f1a00000,0x00000000f1a00000,0x00000000f3780000)
 ParOldGen       total 82432K, used 18580K [0x00000000c1000000, 0x00000000c6080000, 0x00000000eb000000)
  object space 82432K, 22% used [0x00000000c1000000,0x00000000c22252d0,0x00000000c6080000)
 Metaspace       used 12633K, capacity 12860K, committed 12928K, reserved 1060864K
  class space    used 1552K, capacity 1636K, committed 1664K, reserved 1048576K
Event: 42.224 GC heap after
Heap after GC invocations=21 (full 3):
 PSYoungGen      total 108032K, used 19002K [0x00000000eb000000, 0x00000000f3800000, 0x0000000100000000)
  eden space 77824K, 0% used [0x00000000eb000000,0x00000000eb000000,0x00000000efc00000)
  from space 30208K, 62% used [0x00000000f1a00000,0x00000000f2c8ea10,0x00000000f3780000)
  to   space 30720K, 0% used [0x00000000efc00000,0x00000000efc00000,0x00000000f1a00000)
 ParOldGen       total 82432K, used 18588K [0x00000000c1000000, 0x00000000c6080000, 0x00000000eb000000)
  object space 82432K, 22% used [0x00000000c1000000,0x00000000c22272d0,0x00000000c6080000)
 Metaspace       used 12633K, capacity 12860K, committed 12928K, reserved 1060864K
  class space    used 1552K, capacity 1636K, committed 1664K, reserved 1048576K
}
Event: 45.016 GC heap before
{Heap before GC invocations=22 (full 3):
 PSYoungGen      total 108032K, used 96301K [0x00000000eb000000, 0x00000000f3800000, 0x0000000100000000)
  eden space 77824K, 99% used [0x00000000eb000000,0x00000000efb7cca8,0x00000000efc00000)
  from space 30208K, 62% used [0x00000000f1a00000,0x00000000f2c8ea10,0x00000000f3780000)
  to   space 30720K, 0% used [0x00000000efc00000,0x00000000efc00000,0x00000000f1a00000)
 ParOldGen       total 82432K, used 18588K [0x00000000c1000000, 0x00000000c6080000, 0x00000000eb000000)
  object space 82432K, 22% used [0x00000000c1000000,0x00000000c22272d0,0x00000000c6080000)
 Metaspace       used 12792K, capacity 12988K, committed 13184K, reserved 1060864K
  class space    used 1571K, capacity 1636K, committed 1664K, reserved 1048576K
Event: 45.023 GC heap after
Heap after GC invocations=22 (full 3):
 PSYoungGen      total 108544K, used 19034K [0x00000000eb000000, 0x00000000f3f00000, 0x0000000100000000)
  eden space 77824K, 0% used [0x00000000eb000000,0x00000000eb000000,0x00000000efc00000)
  from space 30720K, 61% used [0x00000000efc00000,0x00000000f0e96a10,0x00000000f1a00000)
  to   space 31232K, 0% used [0x00000000f2080000,0x00000000f2080000,0x00000000f3f00000)
 ParOldGen       total 82432K, used 18596K [0x00000000c1000000, 0x00000000c6080000, 0x00000000eb000000)
  object space 82432K, 22% used [0x00000000c1000000,0x00000000c22292d0,0x00000000c6080000)
 Metaspace       used 12792K, capacity 12988K, committed 13184K, reserved 1060864K
  class space    used 1571K, capacity 1636K, committed 1664K, reserved 1048576K
}

