# JRE version: Java(TM) SE Runtime Environment (8.0_111-b14) (build 1.8.0_111-b14)
# Java VM: Java HotSpot(TM) 64-Bit Server VM (25.111-b14 mixed mode windows-amd64 compressed oops)
Heap:
 PSYoungGen      total 19456K, used 4467K [0x00000000eb000000, 0x00000000ecc00000, 0x0000000100000000)
  eden space 16384K, 9% used [0x00000000eb000000,0x00000000eb181cf8,0x00000000ec000000)
  from space 3072K, 95% used [0x00000000ec000000,0x00000000ec2db030,0x00000000ec300000)
  to   space 6144K, 0% used [0x00000000ec600000,0x00000000ec600000,0x00000000ecc00000)
 ParOldGen       total 41472K, used 13897K [0x00000000c1000000, 0x00000000c3880000, 0x00000000eb000000)
  object space 41472K, 33% used [0x00000000c1000000,0x00000000c1d92660,0x00000000c3880000)
 Metaspace       used 12613K, capacity 12796K, committed 12928K, reserved 1060864K
  class space    used 1568K, capacity 1636K, committed 1664K, reserved 1048576K
GC Heap History (10 events):
Event: 16.023 GC heap before
{Heap before GC invocations=18 (full 1):
 PSYoungGen      total 23040K, used 20311K [0x00000000eb000000, 0x00000000ecd00000, 0x0000000100000000)
  eden space 16384K, 95% used [0x00000000eb000000,0x00000000ebf48e98,0x00000000ec000000)
  from space 6656K, 70% used [0x00000000ec680000,0x00000000ecb0d040,0x00000000ecd00000)
  to   space 6656K, 0% used [0x00000000ec000000,0x00000000ec000000,0x00000000ec680000)
 ParOldGen       total 41472K, used 11364K [0x00000000c1000000, 0x00000000c3880000, 0x00000000eb000000)
  object space 41472K, 27% used [0x00000000c1000000,0x00000000c1b19090,0x00000000c3880000)
 Metaspace       used 12360K, capacity 12604K, committed 12672K, reserved 1060864K
  class space    used 1548K, capacity 1636K, committed 1664K, reserved 1048576K
Event: 16.025 GC heap after
Heap after GC invocations=18 (full 1):
 PSYoungGen      total 23040K, used 1960K [0x00000000eb000000, 0x00000000ece00000, 0x0000000100000000)
  eden space 16384K, 0% used [0x00000000eb000000,0x00000000eb000000,0x00000000ec000000)
  from space 6656K, 29% used [0x00000000ec000000,0x00000000ec1ea020,0x00000000ec680000)
  to   space 7168K, 0% used [0x00000000ec700000,0x00000000ec700000,0x00000000ece00000)
 ParOldGen       total 41472K, used 13796K [0x00000000c1000000, 0x00000000c3880000, 0x00000000eb000000)
  object space 41472K, 33% used [0x00000000c1000000,0x00000000c1d790b0,0x00000000c3880000)
 Metaspace       used 12360K, capacity 12604K, committed 12672K, reserved 1060864K
  class space    used 1548K, capacity 1636K, committed 1664K, reserved 1048576K
}
Event: 16.601 GC heap before
{Heap before GC invocations=19 (full 1):
 PSYoungGen      total 23040K, used 17595K [0x00000000eb000000, 0x00000000ece00000, 0x0000000100000000)
  eden space 16384K, 95% used [0x00000000eb000000,0x00000000ebf44fa8,0x00000000ec000000)
  from space 6656K, 29% used [0x00000000ec000000,0x00000000ec1ea020,0x00000000ec680000)
  to   space 7168K, 0% used [0x00000000ec700000,0x00000000ec700000,0x00000000ece00000)
 ParOldGen       total 41472K, used 13796K [0x00000000c1000000, 0x00000000c3880000, 0x00000000eb000000)
  object space 41472K, 33% used [0x00000000c1000000,0x00000000c1d790b0,0x00000000c3880000)
 Metaspace       used 12414K, capacity 12604K, committed 12672K, reserved 1060864K
  class space    used 1548K, capacity 1636K, committed 1664K, reserved 1048576K
Event: 16.604 GC heap after
Heap after GC invocations=19 (full 1):
 PSYoungGen      total 22528K, used 2860K [0x00000000eb000000, 0x00000000ecd00000, 0x0000000100000000)
  eden space 16384K, 0% used [0x00000000eb000000,0x00000000eb000000,0x00000000ec000000)
  from space 6144K, 46% used [0x00000000ec700000,0x00000000ec9cb030,0x00000000ecd00000)
  to   space 6656K, 0% used [0x00000000ec000000,0x00000000ec000000,0x00000000ec680000)
 ParOldGen       total 41472K, used 13812K [0x00000000c1000000, 0x00000000c3880000, 0x00000000eb000000)
  object space 41472K, 33% used [0x00000000c1000000,0x00000000c1d7d0b0,0x00000000c3880000)
 Metaspace       used 12414K, capacity 12604K, committed 12672K, reserved 1060864K
  class space    used 1548K, capacity 1636K, committed 1664K, reserved 1048576K
}
Event: 17.158 GC heap before
{Heap before GC invocations=20 (full 1):
 PSYoungGen      total 22528K, used 18491K [0x00000000eb000000, 0x00000000ecd00000, 0x0000000100000000)
  eden space 16384K, 95% used [0x00000000eb000000,0x00000000ebf43c48,0x00000000ec000000)
  from space 6144K, 46% used [0x00000000ec700000,0x00000000ec9cb030,0x00000000ecd00000)
  to   space 6656K, 0% used [0x00000000ec000000,0x00000000ec000000,0x00000000ec680000)
 ParOldGen       total 41472K, used 13812K [0x00000000c1000000, 0x00000000c3880000, 0x00000000eb000000)
  object space 41472K, 33% used [0x00000000c1000000,0x00000000c1d7d0b0,0x00000000c3880000)
 Metaspace       used 12426K, capacity 12668K, committed 12928K, reserved 1060864K
  class space    used 1548K, capacity 1636K, committed 1664K, reserved 1048576K
Event: 17.159 GC heap after
Heap after GC invocations=20 (full 1):
 PSYoungGen      total 23040K, used 2860K [0x00000000eb000000, 0x00000000ecd00000, 0x0000000100000000)
  eden space 16384K, 0% used [0x00000000eb000000,0x00000000eb000000,0x00000000ec000000)
  from space 6656K, 42% used [0x00000000ec000000,0x00000000ec2cb030,0x00000000ec680000)
  to   space 6656K, 0% used [0x00000000ec680000,0x00000000ec680000,0x00000000ecd00000)
 ParOldGen       total 41472K, used 13836K [0x00000000c1000000, 0x00000000c3880000, 0x00000000eb000000)
  object space 41472K, 33% used [0x00000000c1000000,0x00000000c1d830b0,0x00000000c3880000)
 Metaspace       used 12426K, capacity 12668K, committed 12928K, reserved 1060864K
  class space    used 1548K, capacity 1636K, committed 1664K, reserved 1048576K
}
Event: 17.718 GC heap before
{Heap before GC invocations=21 (full 1):
 PSYoungGen      total 23040K, used 18577K [0x00000000eb000000, 0x00000000ecd00000, 0x0000000100000000)
  eden space 16384K, 95% used [0x00000000eb000000,0x00000000ebf59718,0x00000000ec000000)
  from space 6656K, 42% used [0x00000000ec000000,0x00000000ec2cb030,0x00000000ec680000)
  to   space 6656K, 0% used [0x00000000ec680000,0x00000000ec680000,0x00000000ecd00000)
 ParOldGen       total 41472K, used 13836K [0x00000000c1000000, 0x00000000c3880000, 0x00000000eb000000)
  object space 41472K, 33% used [0x00000000c1000000,0x00000000c1d830b0,0x00000000c3880000)
 Metaspace       used 12460K, capacity 12668K, committed 12928K, reserved 1060864K
  class space    used 1549K, capacity 1636K, committed 1664K, reserved 1048576K
Event: 17.719 GC heap after
Heap after GC invocations=21 (full 1):
 PSYoungGen      total 23040K, used 2860K [0x00000000eb000000, 0x00000000ecd00000, 0x0000000100000000)
  eden space 16384K, 0% used [0x00000000eb000000,0x00000000eb000000,0x00000000ec000000)
  from space 6656K, 42% used [0x00000000ec680000,0x00000000ec94b030,0x00000000ecd00000)
  to   space 6656K, 0% used [0x00000000ec000000,0x00000000ec000000,0x00000000ec680000)
 ParOldGen       total 41472K, used 13852K [0x00000000c1000000, 0x00000000c3880000, 0x00000000eb000000)
  object space 41472K, 33% used [0x00000000c1000000,0x00000000c1d870b0,0x00000000c3880000)
 Metaspace       used 12460K, capacity 12668K, committed 12928K, reserved 1060864K
  class space    used 1549K, capacity 1636K, committed 1664K, reserved 1048576K
}
Event: 18.297 GC heap before
{Heap before GC invocations=22 (full 1):
 PSYoungGen      total 23040K, used 18817K [0x00000000eb000000, 0x00000000ecd00000, 0x0000000100000000)
  eden space 16384K, 97% used [0x00000000eb000000,0x00000000ebf95590,0x00000000ec000000)
  from space 6656K, 42% used [0x00000000ec680000,0x00000000ec94b030,0x00000000ecd00000)
  to   space 6656K, 0% used [0x00000000ec000000,0x00000000ec000000,0x00000000ec680000)
 ParOldGen       total 41472K, used 13852K [0x00000000c1000000, 0x00000000c3880000, 0x00000000eb000000)
  object space 41472K, 33% used [0x00000000c1000000,0x00000000c1d870b0,0x00000000c3880000)
 Metaspace       used 12612K, capacity 12796K, committed 12928K, reserved 1060864K
  class space    used 1568K, capacity 1636K, committed 1664K, reserved 1048576K
Event: 18.300 GC heap after
Heap after GC invocations=22 (full 1):
 PSYoungGen      total 19456K, used 2924K [0x00000000eb000000, 0x00000000ecc00000, 0x0000000100000000)
  eden space 16384K, 0% used [0x00000000eb000000,0x00000000eb000000,0x00000000ec000000)
  from space 3072K, 95% used [0x00000000ec000000,0x00000000ec2db030,0x00000000ec300000)
  to   space 6144K, 0% used [0x00000000ec600000,0x00000000ec600000,0x00000000ecc00000)
 ParOldGen       total 41472K, used 13897K [0x00000000c1000000, 0x00000000c3880000, 0x00000000eb000000)
  object space 41472K, 33% used [0x00000000c1000000,0x00000000c1d92660,0x00000000c3880000)
 Metaspace       used 12612K, capacity 12796K, committed 12928K, reserved 1060864K
  class space    used 1568K, capacity 1636K, committed 1664K, reserved 1048576K
}

